<?xml version="1.0" encoding="UTF-8"?>
<!-- Generated by org.testng.reporters.JUnitReportReporter -->
<testsuite hostname="LT290" failures="0" tests="2" name="com.newtest.TestCases.HandleMultipleWindows" time="24.643" errors="0" timestamp="2022-10-17T13:43:41 IST" skipped="0">
  <testcase classname="com.newtest.TestCases.HandleMultipleWindows" name="switchingWindow" time="12.717"/>
  <system-out/>
  <testcase classname="com.newtest.TestCases.HandleMultipleWindows" name="windowhandling" time="11.926"/>
  <system-out/>
</testsuite> <!-- com.newtest.TestCases.HandleMultipleWindows -->
