<?xml version="1.0" encoding="UTF-8"?>
<!-- Generated by org.testng.reporters.JUnitReportReporter -->
<testsuite hostname="LT290" failures="0" tests="10" name="com.newtest.TestCases.StarPattern1" time="0.059" errors="0" timestamp="2022-08-22T13:25:00 IST" skipped="0">
  <testcase classname="com.newtest.TestCases.StarPattern1" name="test" time="0.003"/>
  <system-out/>
  <testcase classname="com.newtest.TestCases.StarPattern1" name="test" time="0.004"/>
  <system-out/>
  <testcase classname="com.newtest.TestCases.StarPattern1" name="test" time="0.003"/>
  <system-out/>
  <testcase classname="com.newtest.TestCases.StarPattern1" name="test" time="0.003"/>
  <system-out/>
  <testcase classname="com.newtest.TestCases.StarPattern1" name="test" time="0.035"/>
  <system-out/>
  <testcase classname="com.newtest.TestCases.StarPattern1" name="test" time="0.003"/>
  <system-out/>
  <testcase classname="com.newtest.TestCases.StarPattern1" name="test" time="0.002"/>
  <system-out/>
  <testcase classname="com.newtest.TestCases.StarPattern1" name="test" time="0.002"/>
  <system-out/>
  <testcase classname="com.newtest.TestCases.StarPattern1" name="test" time="0.002"/>
  <system-out/>
  <testcase classname="com.newtest.TestCases.StarPattern1" name="test" time="0.002"/>
  <system-out/>
</testsuite> <!-- com.newtest.TestCases.StarPattern1 -->
