<?xml version="1.0" encoding="UTF-8"?>
<!-- Generated by org.testng.reporters.JUnitReportReporter -->
<testsuite hostname="LT290" failures="0" tests="1" name="com.newtest.JavaPractice.CountOfEVEN_ODDDigits" time="0.015" errors="0" timestamp="2022-09-15T18:52:16 IST" skipped="0">
  <testcase classname="com.newtest.JavaPractice.CountOfEVEN_ODDDigits" name="CountEVENODDDigits" time="0.015"/>
  <system-out/>
</testsuite> <!-- com.newtest.JavaPractice.CountOfEVEN_ODDDigits -->
