<?xml version="1.0" encoding="UTF-8"?>
<!-- Generated by org.testng.reporters.JUnitReportReporter -->
<testsuite hostname="LT290" failures="0" tests="1" name="com.newtest.TestCases.Arrays" time="0.018" errors="0" timestamp="2022-08-29T12:47:07 IST" skipped="0">
  <testcase classname="com.newtest.TestCases.Arrays" name="arrayAddition" time="0.018"/>
  <system-out/>
</testsuite> <!-- com.newtest.TestCases.Arrays -->
