<?xml version="1.0" encoding="UTF-8"?>
<!-- Generated by org.testng.reporters.JUnitReportReporter -->
<testsuite hostname="LT290" failures="0" tests="1" name="com.newtest.JavaPractice.ArrayLIST_DynamicArray" time="0.011" errors="0" timestamp="2022-09-26T22:53:16 IST" skipped="0">
  <testcase classname="com.newtest.JavaPractice.ArrayLIST_DynamicArray" name="dynamicArray" time="0.011"/>
  <system-out/>
</testsuite> <!-- com.newtest.JavaPractice.ArrayLIST_DynamicArray -->
