<?xml version="1.0" encoding="UTF-8"?>
<!-- Generated by org.testng.reporters.JUnitReportReporter -->
<testsuite hostname="LT290" failures="0" tests="1" name="com.newtest.JavaPractice.ReverseNum_String" time="3.662" errors="0" timestamp="2022-08-29T13:17:16 IST" skipped="0">
  <testcase classname="com.newtest.JavaPractice.ReverseNum_String" name="reverseNoAndStringLogic2" time="3.662"/>
  <system-out/>
</testsuite> <!-- com.newtest.JavaPractice.ReverseNum_String -->
