<?xml version="1.0" encoding="UTF-8"?>
<!-- Generated by org.testng.reporters.JUnitReportReporter -->
<testsuite hostname="LT290" failures="0" tests="1" name="com.newtest.JavaPractice.LargestOf3Numbers" time="0.010" errors="0" timestamp="2022-09-15T21:29:06 IST" skipped="0">
  <testcase classname="com.newtest.JavaPractice.LargestOf3Numbers" name="findLargestNo3" time="0.010"/>
  <system-out/>
</testsuite> <!-- com.newtest.JavaPractice.LargestOf3Numbers -->
