<?xml version="1.0" encoding="UTF-8"?>
<!-- Generated by org.testng.reporters.JUnitReportReporter -->
<testsuite hostname="LT290" failures="0" tests="1" name="com.newtest.TestCases.StarPattern1" time="0.011" errors="0" timestamp="2022-11-10T10:34:20 IST" skipped="0">
  <testcase classname="com.newtest.TestCases.StarPattern1" name="testp" time="0.011"/>
  <system-out/>
</testsuite> <!-- com.newtest.TestCases.StarPattern1 -->
