<?xml version="1.0" encoding="UTF-8"?>
<!-- Generated by org.testng.reporters.JUnitReportReporter -->
<testsuite hostname="LT290" failures="0" tests="1" name="com.newtest.JavaPractice.ReverseANumber" time="7.733" errors="0" timestamp="2022-08-29T12:41:17 IST" skipped="0">
  <testcase classname="com.newtest.JavaPractice.ReverseANumber" name="reverseNoAndString" time="7.733"/>
  <system-out/>
</testsuite> <!-- com.newtest.JavaPractice.ReverseANumber -->
