<?xml version="1.0" encoding="UTF-8"?>
<!-- Generated by org.testng.reporters.JUnitReportReporter -->
<testsuite hostname="LT290" failures="0" tests="3" name="com.newtest.TestCases.LoginPg" time="28.260" errors="0" timestamp="2022-07-27T14:05:18 IST" skipped="0">
  <testcase classname="com.newtest.TestCases.LoginPg" name="loginTest" time="0.383"/>
  <system-out/>
  <testcase classname="com.newtest.TestCases.LoginPg" name="loginTest" time="27.457"/>
  <system-out/>
  <testcase classname="com.newtest.TestCases.LoginPg" name="loginTest" time="0.420"/>
  <system-out/>
</testsuite> <!-- com.newtest.TestCases.LoginPg -->
