<?xml version="1.0" encoding="UTF-8"?>
<!-- Generated by org.testng.reporters.JUnitReportReporter -->
<testsuite hostname="LT290" failures="0" tests="1" name="com.newtest.JavaPractice.PelindromeNumber" time="1.813" errors="0" timestamp="2022-08-29T13:58:47 IST" skipped="0">
  <testcase classname="com.newtest.JavaPractice.PelindromeNumber" name="checkPelindrome" time="1.813"/>
  <system-out/>
</testsuite> <!-- com.newtest.JavaPractice.PelindromeNumber -->
