<?xml version="1.0" encoding="UTF-8"?>
<!-- Generated by org.testng.reporters.JUnitReportReporter -->
<testsuite hostname="LT290" failures="0" tests="1" name="com.newtest.TestCases.TakeElementsFromMultiClasses" time="0.001" errors="0" timestamp="2022-08-01T11:44:12 IST" skipped="0">
  <testcase classname="com.newtest.TestCases.TakeElementsFromMultiClasses" name="test" time="0.001"/>
  <system-out/>
</testsuite> <!-- com.newtest.TestCases.TakeElementsFromMultiClasses -->
