<?xml version="1.0" encoding="UTF-8"?>
<!-- Generated by org.testng.reporters.JUnitReportReporter -->
<testsuite hostname="LT290" failures="0" tests="1" name="com.newtest.TestCases.BrowserScrollingTest" time="10.577" errors="0" timestamp="2022-08-21T13:20:48 IST" skipped="0">
  <testcase classname="com.newtest.TestCases.BrowserScrollingTest" name="scrollingTest" time="10.577"/>
  <system-out/>
</testsuite> <!-- com.newtest.TestCases.BrowserScrollingTest -->
