<?xml version="1.0" encoding="UTF-8"?>
<!-- Generated by org.testng.reporters.JUnitReportReporter -->
<testsuite hostname="LT290" failures="0" tests="2" name="com.newtest.TestCases.DDTNewTest" time="13.080" errors="0" timestamp="2022-08-21T13:06:51 IST" skipped="0">
  <testcase classname="com.newtest.TestCases.DDTNewTest" name="FBloginTesting" time="6.390"/>
  <system-out/>
  <testcase classname="com.newtest.TestCases.DDTNewTest" name="FBloginTesting" time="6.690"/>
  <system-out/>
</testsuite> <!-- com.newtest.TestCases.DDTNewTest -->
