<?xml version="1.0" encoding="UTF-8"?>
<!-- Generated by org.testng.reporters.JUnitReportReporter -->
<testsuite hostname="LT290" failures="0" tests="1" name="com.newtest.JavaPractice.GenerateRandomData" time="0.014" errors="0" timestamp="2022-09-20T13:33:25 IST" skipped="0">
  <testcase classname="com.newtest.JavaPractice.GenerateRandomData" name="generateRandomStringNum" time="0.014"/>
  <system-out/>
</testsuite> <!-- com.newtest.JavaPractice.GenerateRandomData -->
