<?xml version="1.0" encoding="UTF-8"?>
<!-- Generated by org.testng.reporters.JUnitReportReporter -->
<testsuite hostname="LT290" failures="0" tests="1" name="com.newtest.JavaPractice.SwitchCASE" time="0.008" errors="0" timestamp="2022-09-26T13:26:35 IST" skipped="0">
  <testcase classname="com.newtest.JavaPractice.SwitchCASE" name="switchWithBREAK" time="0.008"/>
  <system-out/>
</testsuite> <!-- com.newtest.JavaPractice.SwitchCASE -->
