<?xml version="1.0" encoding="UTF-8"?>
<!-- Generated by org.testng.reporters.JUnitReportReporter -->
<testsuite hostname="LT290" failures="0" tests="4" name="com.newtest.TestCases.Loops" time="0.003" errors="0" timestamp="2022-11-11T20:57:14 IST" skipped="0">
  <testcase classname="com.newtest.TestCases.Loops" name="whileLoop" time="0.000"/>
  <system-out/>
  <testcase classname="com.newtest.TestCases.Loops" name="forEachLoop" time="0.001"/>
  <system-out/>
  <testcase classname="com.newtest.TestCases.Loops" name="doWhileLoop" time="0.001"/>
  <system-out/>
  <testcase classname="com.newtest.TestCases.Loops" name="MyforLoop" time="0.001"/>
  <system-out/>
</testsuite> <!-- com.newtest.TestCases.Loops -->
