<?xml version="1.0" encoding="UTF-8"?>
<!-- Generated by org.testng.reporters.JUnitReportReporter -->
<testsuite hostname="LT290" failures="0" tests="3" name="com.newtest.TestCases.AAPracticeTest" time="0.012" errors="0" timestamp="2022-11-17T16:28:25 IST" skipped="0">
  <testcase classname="com.newtest.TestCases.AAPracticeTest" name="test3" time="0.009"/>
  <system-out/>
  <testcase classname="com.newtest.TestCases.AAPracticeTest" name="test1" time="0.002"/>
  <system-out/>
  <testcase classname="com.newtest.TestCases.AAPracticeTest" name="test2" time="0.001"/>
  <system-out/>
</testsuite> <!-- com.newtest.TestCases.AAPracticeTest -->
