<?xml version="1.0" encoding="UTF-8"?>
<!-- Generated by org.testng.reporters.JUnitReportReporter -->
<testsuite hostname="LT290" failures="0" tests="1" name="com.newtest.JavaPractice.fibonacciSeries" time="0.013" errors="0" timestamp="2022-09-15T21:38:05 IST" skipped="0">
  <testcase classname="com.newtest.JavaPractice.fibonacciSeries" name="fibonacci" time="0.013"/>
  <system-out/>
</testsuite> <!-- com.newtest.JavaPractice.fibonacciSeries -->
