<?xml version="1.0" encoding="UTF-8"?>
<!-- Generated by org.testng.reporters.JUnitReportReporter -->
<testsuite hostname="LT290" failures="0" tests="1" name="com.newtest.JavaPractice.CountSumOfDigitsInNumber" time="0.010" errors="0" timestamp="2022-09-15T19:20:57 IST" skipped="0">
  <testcase classname="com.newtest.JavaPractice.CountSumOfDigitsInNumber" name="sumOfDigits" time="0.010"/>
  <system-out/>
</testsuite> <!-- com.newtest.JavaPractice.CountSumOfDigitsInNumber -->
