<?xml version="1.0" encoding="UTF-8"?>
<!-- Generated by org.testng.reporters.JUnitReportReporter -->
<testsuite hostname="LT290" failures="0" tests="1" name="com.newtest.TestCases.AAPracticeTest" time="0.008" errors="0" timestamp="2022-09-26T13:09:44 IST" skipped="0">
  <testcase classname="com.newtest.TestCases.AAPracticeTest" name="revUsingForLoop" time="0.008"/>
  <system-out/>
</testsuite> <!-- com.newtest.TestCases.AAPracticeTest -->
