<?xml version="1.0" encoding="UTF-8"?>
<!-- Generated by org.testng.reporters.JUnitReportReporter -->
<testsuite hostname="LT290" failures="0" tests="2" name="com.newtest.TestCases.Facebook_DDT" time="10.777" errors="0" timestamp="2022-08-03T12:40:53 IST" skipped="0">
  <testcase classname="com.newtest.TestCases.Facebook_DDT" name="Fbreg" time="5.280"/>
  <system-out/>
  <testcase classname="com.newtest.TestCases.Facebook_DDT" name="Fbreg" time="5.497"/>
  <system-out/>
</testsuite> <!-- com.newtest.TestCases.Facebook_DDT -->
