<?xml version="1.0" encoding="UTF-8"?>
<!-- Generated by org.testng.reporters.JUnitReportReporter -->
<testsuite hostname="LT290" failures="0" tests="1" name="com.newtest.TestCases.AAPracticeTest" time="0.012" errors="0" timestamp="2022-09-28T11:42:47 IST" skipped="0">
  <testcase classname="com.newtest.TestCases.AAPracticeTest" name="scroll" time="0.012"/>
  <system-out/>
</testsuite> <!-- com.newtest.TestCases.AAPracticeTest -->
