<?xml version="1.0" encoding="UTF-8"?>
<!-- Generated by org.testng.reporters.JUnitReportReporter -->
<testsuite hostname="LT290" failures="0" tests="2" name="com.newtest.TestCases.DDT_Facebook" time="11.777" errors="0" timestamp="2022-08-20T20:58:22 IST" skipped="0">
  <testcase classname="com.newtest.TestCases.DDT_Facebook" name="Fbreg" time="5.236"/>
  <system-out/>
  <testcase classname="com.newtest.TestCases.DDT_Facebook" name="Fbreg" time="6.541"/>
  <system-out/>
</testsuite> <!-- com.newtest.TestCases.DDT_Facebook -->
