<?xml version="1.0" encoding="UTF-8"?>
<!-- Generated by org.testng.reporters.JUnitReportReporter -->
<testsuite hostname="LT290" failures="0" tests="1" name="com.newtest.JavaPractice.fibonacciSeries" time="0.007" errors="0" timestamp="2022-10-17T17:46:58 IST" skipped="0">
  <testcase classname="com.newtest.JavaPractice.fibonacciSeries" name="fibonacci" time="0.007"/>
  <system-out/>
</testsuite> <!-- com.newtest.JavaPractice.fibonacciSeries -->
