<?xml version="1.0" encoding="UTF-8"?>
<!-- Generated by org.testng.reporters.JUnitReportReporter -->
<testsuite hostname="LT290" failures="0" tests="1" name="com.newtest.JavaPractice.PelindromeString" time="0.011" errors="0" timestamp="2022-09-28T11:43:12 IST" skipped="0">
  <testcase classname="com.newtest.JavaPractice.PelindromeString" name="pelindromeTest" time="0.011"/>
  <system-out/>
</testsuite> <!-- com.newtest.JavaPractice.PelindromeString -->
