<?xml version="1.0" encoding="UTF-8"?>
<!-- Generated by org.testng.reporters.JUnitReportReporter -->
<testsuite hostname="LT290" failures="0" tests="1" name="com.newtest.JavaPractice.ReverseChar" time="0.010" errors="0" timestamp="2022-08-29T13:38:29 IST" skipped="0">
  <testcase classname="com.newtest.JavaPractice.ReverseChar" name="reverseInt1" time="0.010"/>
  <system-out/>
</testsuite> <!-- com.newtest.JavaPractice.ReverseChar -->
