<?xml version="1.0" encoding="UTF-8"?>
<!-- Generated by org.testng.reporters.JUnitReportReporter -->
<testsuite hostname="LT290" failures="0" tests="1" name="com.newtest.JavaPractice.NoIsPrimeOrNot_11" time="0.010" errors="0" timestamp="2022-09-20T13:14:34 IST" skipped="0">
  <testcase classname="com.newtest.JavaPractice.NoIsPrimeOrNot_11" name="checkPrimeNo" time="0.010"/>
  <system-out/>
</testsuite> <!-- com.newtest.JavaPractice.NoIsPrimeOrNot_11 -->
